<?xml version="1.0" encoding="UTF-8"?>
<testsuites name="TS-01CURAKatalon" time="38" tests="3" failures="0" errors="0">
   <testsuite name="TS-01CURAKatalon" tests="3" failures="0" errors="0" time="38" timestamp="2018-12-18 20:23:35" hostname="enio.moura - LENOVO06.supera.com.br" id="Test Suites/TS-01CURAKatalon">
      <properties>
         <property name="deviceName" value=""/>
         <property name="devicePlatform" value=""/>
         <property name="logFolder" value="C:\\Users\\enio.moura\\Katalon Studio\\handsOnKatalon\\Reports\\TS-01CURAKatalon\\20181218_202329"/>
         <property name="logFiles" value="C:\\Users\\enio.moura\\Katalon Studio\\handsOnKatalon\\Reports\\TS-01CURAKatalon\\20181218_202329\\execution0.log"/>
         <property name="attachments" value=""/>
         <property name="hostName" value="enio.moura - LENOVO06.supera.com.br"/>
         <property name="os" value="Windows 10 64bit"/>
         <property name="katalonVersion" value="5.9.0.1"/>
         <property name="browser" value="Firefox 63.0"/>
         <property name="hostAddress" value="192.168.99.1"/>
         <property name="sessionId" value="5809ae5b-de2c-4de4-a3ed-b3823927c851"/>
         <property name="seleniumVersion" value="3.7.1"/>
         <property name="proxyInformation" value="ProxyInformation{proxyOption=NO_PROXY, proxyServerType=HTTP, password=, proxyServerAddress=, proxyServerPort=0}"/>
         <property name="platform" value="Windows 10"/>
      </properties>
      <testcase name="Test Cases/TC01 - Login" classname="Test Cases/TC01 - Login" status="PASSED">
         <system-out><![CDATA[2018-12-18 20:23:36 - [TEST_CASE][PASSED] - Test Cases/TC01 - Login: Test Cases/TC01 - Login

2018-12-18 20:23:36 - [TEST_STEP][PASSED] - openBrowser(""): Browser is opened with url: ''

2018-12-18 20:23:37 - [MESSAGE][INFO] - Starting 'Firefox' driver

2018-12-18 20:23:37 - [MESSAGE][INFO] - Action delay is set to 0 seconds

2018-12-18 20:23:41 - [MESSAGE][PASSED] - Browser is opened with url: ''

2018-12-18 20:23:41 - [TEST_STEP][PASSED] - navigateToUrl("https://katalon-demo-cura.herokuapp.com/"): Navigate to 'https://katalon-demo-cura.herokuapp.com/' successfully

2018-12-18 20:23:46 - [MESSAGE][PASSED] - Navigate to 'https://katalon-demo-cura.herokuapp.com/' successfully

2018-12-18 20:23:46 - [TEST_STEP][PASSED] - click(findTestObject("login/a_Make Appointment")): Object: 'Object Repository/login/a_Make Appointment' is clicked on

2018-12-18 20:23:46 - [MESSAGE][PASSED] - Object: 'Object Repository/login/a_Make Appointment' is clicked on

2018-12-18 20:23:46 - [TEST_STEP][PASSED] - setText(findTestObject("login/input_Username_username"), "John Doe"): Text 'John Doe' is set on object 'Object Repository/login/input_Username_username'

2018-12-18 20:23:46 - [MESSAGE][PASSED] - Text 'John Doe' is set on object 'Object Repository/login/input_Username_username'

2018-12-18 20:23:46 - [TEST_STEP][PASSED] - setEncryptedText(findTestObject("login/input_Password_password"), "g3/DOGG74jC3Flrr3yH+3D/yKbOqqUNM"): Text ****** has been set on object 'Object Repository/login/input_Password_password'

2018-12-18 20:23:47 - [MESSAGE][PASSED] - Text ****** has been set on object 'Object Repository/login/input_Password_password'

2018-12-18 20:23:47 - [TEST_STEP][PASSED] - click(findTestObject("login/button_Login")): Object: 'Object Repository/login/button_Login' is clicked on

2018-12-18 20:23:47 - [MESSAGE][PASSED] - Object: 'Object Repository/login/button_Login' is clicked on

2018-12-18 20:23:47 - [TEST_STEP][PASSED] - closeBrowser(): Browser is closed

2018-12-18 20:23:49 - [MESSAGE][PASSED] - Browser is closed]]></system-out>
         <system-err><![CDATA[]]></system-err>
      </testcase>
      <testcase name="Test Cases/TC02 - MarcarConsulta" classname="Test Cases/TC02 - MarcarConsulta" status="PASSED">
         <system-out><![CDATA[2018-12-18 20:23:49 - [TEST_CASE][PASSED] - Test Cases/TC02 - MarcarConsulta: Test Cases/TC02 - MarcarConsulta

2018-12-18 20:23:49 - [TEST_STEP][PASSED] - openBrowser(""): Browser is opened with url: ''

2018-12-18 20:23:49 - [MESSAGE][INFO] - Starting 'Firefox' driver

2018-12-18 20:23:53 - [MESSAGE][PASSED] - Browser is opened with url: ''

2018-12-18 20:23:53 - [TEST_STEP][PASSED] - navigateToUrl("https://katalon-demo-cura.herokuapp.com/"): Navigate to 'https://katalon-demo-cura.herokuapp.com/' successfully

2018-12-18 20:23:57 - [MESSAGE][PASSED] - Navigate to 'https://katalon-demo-cura.herokuapp.com/' successfully

2018-12-18 20:23:57 - [TEST_STEP][PASSED] - click(findTestObject("MarcarConsulta/a_Make Appointment")): Object: 'Object Repository/MarcarConsulta/a_Make Appointment' is clicked on

2018-12-18 20:23:58 - [MESSAGE][PASSED] - Object: 'Object Repository/MarcarConsulta/a_Make Appointment' is clicked on

2018-12-18 20:23:58 - [TEST_STEP][PASSED] - setText(findTestObject("MarcarConsulta/input_Username_username"), "John Doe"): Text 'John Doe' is set on object 'Object Repository/MarcarConsulta/input_Username_username'

2018-12-18 20:23:58 - [MESSAGE][PASSED] - Text 'John Doe' is set on object 'Object Repository/MarcarConsulta/input_Username_username'

2018-12-18 20:23:58 - [TEST_STEP][PASSED] - setEncryptedText(findTestObject("MarcarConsulta/input_Password_password"), "g3/DOGG74jC3Flrr3yH+3D/yKbOqqUNM"): Text ****** has been set on object 'Object Repository/MarcarConsulta/input_Password_password'

2018-12-18 20:23:58 - [MESSAGE][PASSED] - Text ****** has been set on object 'Object Repository/MarcarConsulta/input_Password_password'

2018-12-18 20:23:58 - [TEST_STEP][PASSED] - click(findTestObject("MarcarConsulta/button_Login")): Object: 'Object Repository/MarcarConsulta/button_Login' is clicked on

2018-12-18 20:23:59 - [MESSAGE][PASSED] - Object: 'Object Repository/MarcarConsulta/button_Login' is clicked on

2018-12-18 20:23:59 - [TEST_STEP][PASSED] - click(findTestObject("MarcarConsulta/label_Apply for hospital readm")): Object: 'Object Repository/MarcarConsulta/label_Apply for hospital readm' is clicked on

2018-12-18 20:23:59 - [MESSAGE][PASSED] - Object: 'Object Repository/MarcarConsulta/label_Apply for hospital readm' is clicked on

2018-12-18 20:23:59 - [TEST_STEP][PASSED] - click(findTestObject("MarcarConsulta/span_Visit Date (Required)_gly")): Object: 'Object Repository/MarcarConsulta/span_Visit Date (Required)_gly' is clicked on

2018-12-18 20:23:59 - [MESSAGE][PASSED] - Object: 'Object Repository/MarcarConsulta/span_Visit Date (Required)_gly' is clicked on

2018-12-18 20:23:59 - [TEST_STEP][PASSED] - click(findTestObject("MarcarConsulta/td_11")): Object: 'Object Repository/MarcarConsulta/td_11' is clicked on

2018-12-18 20:23:59 - [MESSAGE][PASSED] - Object: 'Object Repository/MarcarConsulta/td_11' is clicked on

2018-12-18 20:23:59 - [TEST_STEP][PASSED] - setText(findTestObject("MarcarConsulta/textarea_Comment_comment"), "consulta"): Text 'consulta' is set on object 'Object Repository/MarcarConsulta/textarea_Comment_comment'

2018-12-18 20:23:59 - [MESSAGE][PASSED] - Text 'consulta' is set on object 'Object Repository/MarcarConsulta/textarea_Comment_comment'

2018-12-18 20:23:59 - [TEST_STEP][PASSED] - click(findTestObject("MarcarConsulta/button_Book Appointment")): Object: 'Object Repository/MarcarConsulta/button_Book Appointment' is clicked on

2018-12-18 20:24:00 - [MESSAGE][PASSED] - Object: 'Object Repository/MarcarConsulta/button_Book Appointment' is clicked on

2018-12-18 20:24:00 - [TEST_STEP][PASSED] - check(findTestObject("MarcarConsulta/div_Appointment Confirmation")): Object 'Object Repository/MarcarConsulta/div_Appointment Confirmation' is checked

2018-12-18 20:24:00 - [MESSAGE][PASSED] - Object 'Object Repository/MarcarConsulta/div_Appointment Confirmation' is checked

2018-12-18 20:24:00 - [TEST_STEP][PASSED] - closeBrowser(): Browser is closed

2018-12-18 20:24:01 - [MESSAGE][PASSED] - Browser is closed]]></system-out>
         <system-err><![CDATA[]]></system-err>
      </testcase>
      <testcase name="Test Cases/TC03 - Verificar Consulta" classname="Test Cases/TC03 - Verificar Consulta" status="PASSED">
         <system-out><![CDATA[2018-12-18 20:24:02 - [TEST_CASE][PASSED] - Test Cases/TC03 - Verificar Consulta: Test Cases/TC03 - Verificar Consulta

2018-12-18 20:24:02 - [TEST_STEP][PASSED] - openBrowser(""): Browser is opened with url: ''

2018-12-18 20:24:02 - [MESSAGE][INFO] - Starting 'Firefox' driver

2018-12-18 20:24:05 - [MESSAGE][PASSED] - Browser is opened with url: ''

2018-12-18 20:24:05 - [TEST_STEP][PASSED] - navigateToUrl("https://katalon-demo-cura.herokuapp.com/"): Navigate to 'https://katalon-demo-cura.herokuapp.com/' successfully

2018-12-18 20:24:09 - [MESSAGE][PASSED] - Navigate to 'https://katalon-demo-cura.herokuapp.com/' successfully

2018-12-18 20:24:09 - [TEST_STEP][PASSED] - click(findTestObject("VerificarConsulta/a_Make Appointment")): Object: 'Object Repository/VerificarConsulta/a_Make Appointment' is clicked on

2018-12-18 20:24:10 - [MESSAGE][PASSED] - Object: 'Object Repository/VerificarConsulta/a_Make Appointment' is clicked on

2018-12-18 20:24:10 - [TEST_STEP][PASSED] - setText(findTestObject("VerificarConsulta/input_Username_username"), "John Doe"): Text 'John Doe' is set on object 'Object Repository/VerificarConsulta/input_Username_username'

2018-12-18 20:24:10 - [MESSAGE][PASSED] - Text 'John Doe' is set on object 'Object Repository/VerificarConsulta/input_Username_username'

2018-12-18 20:24:10 - [TEST_STEP][PASSED] - setEncryptedText(findTestObject("VerificarConsulta/input_Password_password"), "g3/DOGG74jC3Flrr3yH+3D/yKbOqqUNM"): Text ****** has been set on object 'Object Repository/VerificarConsulta/input_Password_password'

2018-12-18 20:24:10 - [MESSAGE][PASSED] - Text ****** has been set on object 'Object Repository/VerificarConsulta/input_Password_password'

2018-12-18 20:24:10 - [TEST_STEP][PASSED] - click(findTestObject("VerificarConsulta/button_Login")): Object: 'Object Repository/VerificarConsulta/button_Login' is clicked on

2018-12-18 20:24:10 - [MESSAGE][PASSED] - Object: 'Object Repository/VerificarConsulta/button_Login' is clicked on

2018-12-18 20:24:10 - [TEST_STEP][PASSED] - click(findTestObject("VerificarConsulta/label_Apply for hospital readm")): Object: 'Object Repository/VerificarConsulta/label_Apply for hospital readm' is clicked on

2018-12-18 20:24:11 - [MESSAGE][PASSED] - Object: 'Object Repository/VerificarConsulta/label_Apply for hospital readm' is clicked on

2018-12-18 20:24:11 - [TEST_STEP][PASSED] - click(findTestObject("VerificarConsulta/span_Visit Date (Required)_gly")): Object: 'Object Repository/VerificarConsulta/span_Visit Date (Required)_gly' is clicked on

2018-12-18 20:24:11 - [MESSAGE][PASSED] - Object: 'Object Repository/VerificarConsulta/span_Visit Date (Required)_gly' is clicked on

2018-12-18 20:24:11 - [TEST_STEP][PASSED] - click(findTestObject("VerificarConsulta/td_11")): Object: 'Object Repository/VerificarConsulta/td_11' is clicked on

2018-12-18 20:24:11 - [MESSAGE][PASSED] - Object: 'Object Repository/VerificarConsulta/td_11' is clicked on

2018-12-18 20:24:11 - [TEST_STEP][PASSED] - setText(findTestObject("VerificarConsulta/textarea_Comment_comment"), "consulta"): Text 'consulta' is set on object 'Object Repository/VerificarConsulta/textarea_Comment_comment'

2018-12-18 20:24:11 - [MESSAGE][PASSED] - Text 'consulta' is set on object 'Object Repository/VerificarConsulta/textarea_Comment_comment'

2018-12-18 20:24:11 - [TEST_STEP][PASSED] - click(findTestObject("VerificarConsulta/button_Book Appointment")): Object: 'Object Repository/VerificarConsulta/button_Book Appointment' is clicked on

2018-12-18 20:24:11 - [MESSAGE][PASSED] - Object: 'Object Repository/VerificarConsulta/button_Book Appointment' is clicked on

2018-12-18 20:24:11 - [TEST_STEP][PASSED] - check(findTestObject("VerificarConsulta/div_Appointment Confirmation")): Object 'Object Repository/VerificarConsulta/div_Appointment Confirmation' is checked

2018-12-18 20:24:12 - [MESSAGE][PASSED] - Object 'Object Repository/VerificarConsulta/div_Appointment Confirmation' is checked

2018-12-18 20:24:12 - [TEST_STEP][PASSED] - click(findTestObject("VerificarConsulta/i_CURA Healthcare_fa fa-bars")): Object: 'Object Repository/VerificarConsulta/i_CURA Healthcare_fa fa-bars' is clicked on

2018-12-18 20:24:12 - [MESSAGE][PASSED] - Object: 'Object Repository/VerificarConsulta/i_CURA Healthcare_fa fa-bars' is clicked on

2018-12-18 20:24:12 - [TEST_STEP][PASSED] - click(findTestObject("VerificarConsulta/a_History")): Object: 'Object Repository/VerificarConsulta/a_History' is clicked on

2018-12-18 20:24:12 - [MESSAGE][PASSED] - Object: 'Object Repository/VerificarConsulta/a_History' is clicked on

2018-12-18 20:24:12 - [TEST_STEP][PASSED] - check(findTestObject("VerificarConsulta/div_History")): Object 'Object Repository/VerificarConsulta/div_History' is checked

2018-12-18 20:24:12 - [MESSAGE][PASSED] - Object 'Object Repository/VerificarConsulta/div_History' is checked

2018-12-18 20:24:12 - [TEST_STEP][PASSED] - click(findTestObject("VerificarConsulta/a_Go to Homepage")): Object: 'Object Repository/VerificarConsulta/a_Go to Homepage' is clicked on

2018-12-18 20:24:13 - [MESSAGE][PASSED] - Object: 'Object Repository/VerificarConsulta/a_Go to Homepage' is clicked on]]></system-out>
         <system-err><![CDATA[]]></system-err>
      </testcase>
      <system-out><![CDATA[2018-12-18 20:23:35 - [TEST_SUITE][PASSED] - TS-01CURAKatalon: Test Cases/TC03 - Verificar Consulta]]></system-out>
      <system-err><![CDATA[]]></system-err>
   </testsuite>
</testsuites>
